INFO     Using path main.py                                                                                                                                                                                                
INFO     Resolved absolute path /home/jarvis/code/rosterboss/backend/main.py                                                                                                                                               
INFO     Searching for package file structure from directories with __init__.py files                                                                                                                                      
INFO     Importing from /home/jarvis/code/rosterboss/backend                                                                                                                                                               
                                                                                                                                                                                                                           
 ╭─ Python module file ─╮                                                                                                                                                                                                  
 │                      │                                                                                                                                                                                                  
 │  🐍 main.py          │                                                                                                                                                                                                  
 │                      │                                                                                                                                                                                                  
 ╰──────────────────────╯                                                                                                                                                                                                  
                                                                                                                                                                                                                           
INFO     Importing module main                                                                                                                                                                                             
INFO     Found importable FastAPI app                                                                                                                                                                                      
                                                                                                                                                                                                                           
 ╭─ Importable FastAPI app ─╮                                                                                                                                                                                              
 │                          │                                                                                                                                                                                              
 │  from main import app    │                                                                                                                                                                                              
 │                          │                                                                                                                                                                                              
 ╰──────────────────────────╯                                                                                                                                                                                              
                                                                                                                                                                                                                           
INFO     Using import string main:app                                                                                                                                                                                      
                                                                                                                                                                                                                           
 ╭────────── FastAPI CLI - Development mode ───────────╮                                                                                                                                                                   
 │                                                     │                                                                                                                                                                   
 │  Serving at: http://127.0.0.1:8000                  │                                                                                                                                                                   
 │                                                     │                                                                                                                                                                   
 │  API docs: http://127.0.0.1:8000/docs               │                                                                                                                                                                   
 │                                                     │                                                                                                                                                                   
 │  Running in development mode, for production use:   │                                                                                                                                                                   
 │                                                     │                                                                                                                                                                   
 │  fastapi run                                        │                                                                                                                                                                   
 │                                                     │                                                                                                                                                                   
 ╰─────────────────────────────────────────────────────╯                                                                                                                                                                   
                                                                                                                                                                                                                           
INFO:     127.0.0.1:45962 - "GET /api/account HTTP/1.1" 200 OK
INFO:     127.0.0.1:45970 - "GET /api/account HTTP/1.1" 200 OK
